<?xml version="1.0" encoding="UTF-8"?>
<testng-results skipped="0" failed="0" total="5" passed="5">
  <suite name="SampleTestSuite" duration-ms="1250">
    <test name="SampleTests" duration-ms="1250">
      <class name="com.example.SampleTest">
        <test-method name="testAddition" status="PASS" duration-ms="120" started-at="2025-01-15T10:00:00Z" finished-at="2025-01-15T10:00:00Z"/>
        <test-method name="testSubtraction" status="PASS" duration-ms="95" started-at="2025-01-15T10:00:01Z" finished-at="2025-01-15T10:00:01Z"/>
        <test-method name="testMultiplication" status="PASS" duration-ms="110" started-at="2025-01-15T10:00:02Z" finished-at="2025-01-15T10:00:02Z"/>
        <test-method name="testDivision" status="PASS" duration-ms="200" started-at="2025-01-15T10:00:03Z" finished-at="2025-01-15T10:00:03Z"/>
        <test-method name="testModulus" status="PASS" duration-ms="85" started-at="2025-01-15T10:00:04Z" finished-at="2025-01-15T10:00:04Z"/>
      </class>
    </test>
  </suite>
</testng-results>
